Paul Graham Essays to EPUB Builder
==================================================

[1/4] Fetching essay list from paulgraham.com...
Found 229 essays on index page
Found 229 essays

[2/4] Updating essay metadata...
State updated with 229 essays

[3/4] Fetching and parsing essay content...
This may take a few minutes...
  [1/229] How to Do Great Work... [CACHED, 4 images]
  [2/229] Having Kids... [CACHED, 11 images]
  [3/229] How to Lose Time and Money... [CACHED, 4 images]
  [4/229] The Shape of the Essay Field... [CACHED, 4 images]
  [5/229] Good Writing... [CACHED, 4 images]
  [6/229] What to Do... [CACHED, 4 images]
  [7/229] The Origins of Wokeness... [CACHED, 4 images]
  [8/229] Writes and Write-Nots... [CACHED, 4 images]
  [9/229] When To Do What You Love... [CACHED, 4 images]
  [10/229] Founder Mode... [CACHED, 4 images]
  [11/229] The Right Kind of Stubborn... [CACHED, 4 images]
  [12/229] The Reddits... [CACHED, 4 images]
  [13/229] How to Start Google... [CACHED, 4 images]
  [14/229] The Best Essay... [CACHED, 4 images]
  [15/229] Superlinear Returns... [CACHED, 4 images]
  [16/229] How to Get New Ideas... [CACHED, 4 images]
  [17/229] The Need to Read... [CACHED, 18 images]
  [18/229] What You (Want to)* Want... [CACHED, 8 images]
  [19/229] Alien Truth... [CACHED, 4 images]
  [20/229] What I've Learned from Users... [CACHED, 4 images]
  [21/229] Heresy... [CACHED, 4 images]
  [22/229] Putting Ideas into Words... [CACHED, 8 images]
  [23/229] Is There Such a Thing as Good Taste?... [CACHED, 4 images]
  [24/229] Beyond Smart... [CACHED, 4 images]
  [25/229] Weird Languages... [CACHED, 8 images]
  [26/229] How to Work Hard... [CACHED, 8 images]
  [27/229] A Project of One's Own... [CACHED, 4 images]
  [28/229] Fierce Nerds... [CACHED, 8 images]
  [29/229] Crazy New Ideas... [CACHED, 4 images]
  [30/229] An NFT That Saves Lives... [CACHED, 4 images]
  [31/229] The Real Reason to End the Death Penalty... [CACHED, 16 images]
  [32/229] How People Get Rich Now... [CACHED, 4 images]
  [33/229] Write Simply... [CACHED, 4 images]
  [34/229] Donate Unrestricted... [CACHED, 4 images]
  [35/229] What I Worked On... [CACHED, 4 images]
  [36/229] Earnestness... [CACHED, 4 images]
  [37/229] Billionaires Build... [CACHED, 4 images]
  [38/229] The Airbnbs... [CACHED, 4 images]
  [39/229] How to Think for Yourself... [CACHED, 8 images]
  [40/229] Early Work... [OK, 4 images]
  [41/229] Modeling a Wealth Tax... [OK, 4 images]
  [42/229] The Four Quadrants of Conformism... [OK, 15 images]
  [43/229] Orthodox Privilege... [OK, 4 images]
  [44/229] Coronavirus and Credibility... [OK, 15 images]
  [45/229] How to Write Usefully... [OK, 11 images]
  [46/229] Being a Noob... [OK, 32 images]
  [47/229] Haters... [OK, 15 images]
  [48/229] The Two Kinds of Moderate... [OK, 8 images]
  [49/229] Fashionable Problems... [OK, 15 images]
  [50/229] The Lesson to Unlearn... [OK, 15 images]
  [51/229] Novelty and Heresy... [OK, 15 images]
  [52/229] The Bus Ticket Theory of Genius... [OK, 18 images]
  [53/229] General and Surprising... [OK, 8 images]
  [54/229] Charisma / Power... [OK, 4 images]
  [55/229] The Risk of Discovery... [OK, 8 images]
  [56/229] How to Make Pittsburgh a Startup Hub... [OK, 4 images]
  [57/229] Life is Short... [OK, 15 images]
  [58/229] Economic Inequality... [OK, 18 images]
  [59/229] The Refragmentation... [OK, 8 images]
  [60/229] Jessica Livingston... [OK, 4 images]
  [61/229] A Way to Detect Bias... [OK, 11 images]
  [62/229] Write Like You Talk... [OK, 11 images]
  [63/229] Default Alive or Default Dead?... [OK, 4 images]
  [64/229] Why It's Safe for Founders to Be Nice... [OK, 4 images]
  [65/229] Change Your Name... [OK, 4 images]
  [66/229] What Microsoft Is this the Altair Basic of?... [OK, 4 images]
  [67/229] The Ronco Principle... [OK, 8 images]
  [68/229] What Doesn't Seem Like Work?... [OK, 12 images]
  [69/229] Don't Talk to Corp Dev... [OK, 4 images]
  [70/229] Let the Other 95% of Great Programmers In... [OK, 8 images]
  [71/229] How to Be an Expert in a Changing World... [OK, 11 images]
  [72/229] How You Know... [OK, 8 images]
  [73/229] The Fatal Pinch... [OK, 8 images]
  [74/229] Mean People Fail... [OK, 15 images]
  [75/229] Before the Startup...Error fetching binary http://www.virtumundo.com/images/spacer.gif: 404 Client Error: Not Found for url: https://www.virtumundo.com/images/spacer.gif
Error fetching binary http://www.virtumundo.com/images/spacer.gif: 404 Client Error: Not Found for url: https://www.virtumundo.com/images/spacer.gif
 [OK, 8 images]
  [76/229] How to Raise Money...Error fetching binary http://www.virtumundo.com/images/spacer.gif: 404 Client Error: Not Found for url: https://www.virtumundo.com/images/spacer.gif
Error fetching binary http://www.virtumundo.com/images/spacer.gif: 404 Client Error: Not Found for url: https://www.virtumundo.com/images/spacer.gif
 [OK, 8 images]
  [77/229] Investor Herd Dynamics...Error fetching binary http://www.virtumundo.com/images/spacer.gif: 404 Client Error: Not Found for url: https://www.virtumundo.com/images/spacer.gif
Error fetching binary http://www.virtumundo.com/images/spacer.gif: 404 Client Error: Not Found for url: https://www.virtumundo.com/images/spacer.gif
 [OK, 8 images]
  [78/229] How to Convince Investors...Error fetching binary http://www.virtumundo.com/images/spacer.gif: 404 Client Error: Not Found for url: https://www.virtumundo.com/images/spacer.gif
Error fetching binary http://www.virtumundo.com/images/spacer.gif: 404 Client Error: Not Found for url: https://www.virtumundo.com/images/spacer.gif
 [OK, 4 images]
  [79/229] Do Things that Don't Scale...Error fetching binary http://www.virtumundo.com/images/spacer.gif: 404 Client Error: Not Found for url: https://www.virtumundo.com/images/spacer.gif
Error fetching binary http://www.virtumundo.com/images/spacer.gif: 404 Client Error: Not Found for url: https://www.virtumundo.com/images/spacer.gif
 [OK, 25 images]
  [80/229] Startup Investing Trends... [OK, 4 images]
  [81/229] How to Get Startup Ideas...Error fetching binary http://www.virtumundo.com/images/spacer.gif: 404 Client Error: Not Found for url: https://www.virtumundo.com/images/spacer.gif
Error fetching binary http://www.virtumundo.com/images/spacer.gif: 404 Client Error: Not Found for url: https://www.virtumundo.com/images/spacer.gif
 [OK, 15 images]
  [82/229] The Hardware Renaissance...Error fetching binary http://www.virtumundo.com/images/spacer.gif: 404 Client Error: Not Found for url: https://www.virtumundo.com/images/spacer.gif
Error fetching binary http://www.virtumundo.com/images/spacer.gif: 404 Client Error: Not Found for url: https://www.virtumundo.com/images/spacer.gif
 [OK, 8 images]
  [83/229] Startup = Growth...Error fetching binary http://www.virtumundo.com/images/spacer.gif: 404 Client Error: Not Found for url: https://www.virtumundo.com/images/spacer.gif
Error fetching binary http://www.virtumundo.com/images/spacer.gif: 404 Client Error: Not Found for url: https://www.virtumundo.com/images/spacer.gif
 [OK, 18 images]
  [84/229] Black Swan Farming...Error fetching binary http://www.virtumundo.com/images/spacer.gif: 404 Client Error: Not Found for url: https://www.virtumundo.com/images/spacer.gif
Error fetching binary http://www.virtumundo.com/images/spacer.gif: 404 Client Error: Not Found for url: https://www.virtumundo.com/images/spacer.gif
 [OK, 4 images]
  [85/229] The Top of My Todo List... [OK, 8 images]
  [86/229] Writing and Speaking... [OK, 4 images]
  [87/229] How Y Combinator Started... [OK, 4 images]
  [88/229] Defining Property... [OK, 8 images]
  [89/229] Frighteningly Ambitious Startup Ideas...Error fetching binary http://www.virtumundo.com/images/spacer.gif: 404 Client Error: Not Found for url: https://www.virtumundo.com/images/spacer.gif
Error fetching binary http://www.virtumundo.com/images/spacer.gif: 404 Client Error: Not Found for url: https://www.virtumundo.com/images/spacer.gif
 [OK, 4 images]
  [90/229] A Word to the Resourceful...Error fetching binary http://www.virtumundo.com/images/spacer.gif: 404 Client Error: Not Found for url: https://www.virtumundo.com/images/spacer.gif
Error fetching binary http://www.virtumundo.com/images/spacer.gif: 404 Client Error: Not Found for url: https://www.virtumundo.com/images/spacer.gif
 [OK, 4 images]
  [91/229] Schlep Blindness...Error fetching binary http://www.virtumundo.com/images/spacer.gif: 404 Client Error: Not Found for url: https://www.virtumundo.com/images/spacer.gif
Error fetching binary http://www.virtumundo.com/images/spacer.gif: 404 Client Error: Not Found for url: https://www.virtumundo.com/images/spacer.gif
 [OK, 4 images]
  [92/229] Snapshot: Viaweb, June 1998... [OK, 4 images]
  [93/229] Why Startup Hubs Work...Error fetching binary http://www.virtumundo.com/images/spacer.gif: 404 Client Error: Not Found for url: https://www.virtumundo.com/images/spacer.gif
Error fetching binary http://www.virtumundo.com/images/spacer.gif: 404 Client Error: Not Found for url: https://www.virtumundo.com/images/spacer.gif
 [OK, 4 images]
  [94/229] The Patent Pledge... [OK, 8 images]
  [95/229] Subject: Airbnb... [OK, 4 images]
  [96/229] Founder Control...Error fetching binary http://www.virtumundo.com/images/spacer.gif: 404 Client Error: Not Found for url: https://www.virtumundo.com/images/spacer.gif
Error fetching binary http://www.virtumundo.com/images/spacer.gif: 404 Client Error: Not Found for url: https://www.virtumundo.com/images/spacer.gif
 [OK, 4 images]
  [97/229] Tablets... [OK, 4 images]
  [98/229] What We Look for in Founders...Error fetching binary http://www.virtumundo.com/images/spacer.gif: 404 Client Error: Not Found for url: https://www.virtumundo.com/images/spacer.gif
Error fetching binary http://www.virtumundo.com/images/spacer.gif: 404 Client Error: Not Found for url: https://www.virtumundo.com/images/spacer.gif
 [OK, 4 images]
  [99/229] The New Funding Landscape...Error fetching binary http://www.virtumundo.com/images/spacer.gif: 404 Client Error: Not Found for url: https://www.virtumundo.com/images/spacer.gif
Error fetching binary http://www.virtumundo.com/images/spacer.gif: 404 Client Error: Not Found for url: https://www.virtumundo.com/images/spacer.gif
 [OK, 4 images]
  [100/229] Where to See Silicon Valley...Error fetching binary http://www.virtumundo.com/images/spacer.gif: 404 Client Error: Not Found for url: https://www.virtumundo.com/images/spacer.gif
Error fetching binary http://www.virtumundo.com/images/spacer.gif: 404 Client Error: Not Found for url: https://www.virtumundo.com/images/spacer.gif
 [OK, 4 images]
  [101/229] High Resolution Fundraising...Error fetching binary http://www.virtumundo.com/images/spacer.gif: 404 Client Error: Not Found for url: https://www.virtumundo.com/images/spacer.gif
Error fetching binary http://www.virtumundo.com/images/spacer.gif: 404 Client Error: Not Found for url: https://www.virtumundo.com/images/spacer.gif
 [OK, 4 images]
  [102/229] What Happened to Yahoo...Error fetching binary http://www.virtumundo.com/images/spacer.gif: 404 Client Error: Not Found for url: https://www.virtumundo.com/images/spacer.gif
Error fetching binary http://www.virtumundo.com/images/spacer.gif: 404 Client Error: Not Found for url: https://www.virtumundo.com/images/spacer.gif
 [OK, 4 images]
  [103/229] The Future of Startup Funding...Error fetching binary http://www.virtumundo.com/images/spacer.gif: 404 Client Error: Not Found for url: https://www.virtumundo.com/images/spacer.gif
Error fetching binary http://www.virtumundo.com/images/spacer.gif: 404 Client Error: Not Found for url: https://www.virtumundo.com/images/spacer.gif
 [OK, 4 images]
  [104/229] The Acceleration of Addictiveness... [OK, 4 images]
  [105/229] The Top Idea in Your Mind...Error fetching binary http://www.virtumundo.com/images/spacer.gif: 404 Client Error: Not Found for url: https://www.virtumundo.com/images/spacer.gif
Error fetching binary http://www.virtumundo.com/images/spacer.gif: 404 Client Error: Not Found for url: https://www.virtumundo.com/images/spacer.gif
 [OK, 4 images]
  [106/229] Organic Startup Ideas...Error fetching binary http://www.virtumundo.com/images/spacer.gif: 404 Client Error: Not Found for url: https://www.virtumundo.com/images/spacer.gif
Error fetching binary http://www.virtumundo.com/images/spacer.gif: 404 Client Error: Not Found for url: https://www.virtumundo.com/images/spacer.gif
 [OK, 4 images]
  [107/229] Apple's Mistake...Error fetching binary http://www.virtumundo.com/images/spacer.gif: 404 Client Error: Not Found for url: https://www.virtumundo.com/images/spacer.gif
Error fetching binary http://www.virtumundo.com/images/spacer.gif: 404 Client Error: Not Found for url: https://www.virtumundo.com/images/spacer.gif
 [OK, 8 images]
  [108/229] What Startups Are Really Like...Error fetching binary http://www.virtumundo.com/images/spacer.gif: 404 Client Error: Not Found for url: https://www.virtumundo.com/images/spacer.gif
Error fetching binary http://www.virtumundo.com/images/spacer.gif: 404 Client Error: Not Found for url: https://www.virtumundo.com/images/spacer.gif
 [OK, 36 images]
  [109/229] Persuade xor Discover... [OK, 4 images]
  [110/229] Post-Medium Publishing... [OK, 4 images]
  [111/229] The List of N Things... [OK, 8 images]
  [112/229] The Anatomy of Determination...Error fetching binary http://www.virtumundo.com/images/spacer.gif: 404 Client Error: Not Found for url: https://www.virtumundo.com/images/spacer.gif
Error fetching binary http://www.virtumundo.com/images/spacer.gif: 404 Client Error: Not Found for url: https://www.virtumundo.com/images/spacer.gif
 [OK, 15 images]
  [113/229] What Kate Saw in Silicon Valley... [OK, 8 images]
  [114/229] The Trouble with the Segway... [OK, 4 images]
  [115/229] Ramen Profitable...Error fetching binary http://www.virtumundo.com/images/spacer.gif: 404 Client Error: Not Found for url: https://www.virtumundo.com/images/spacer.gif
Error fetching binary http://www.virtumundo.com/images/spacer.gif: 404 Client Error: Not Found for url: https://www.virtumundo.com/images/spacer.gif
 [OK, 9 images]
  [116/229] Maker's Schedule, Manager's Schedule... [OK, 25 images]
  [117/229] A Local Revolution?... [OK, 4 images]
  [118/229] Why Twitter is a Big Deal... [OK, 4 images]
  [119/229] The Founder Visa... [OK, 12 images]
  [120/229] Five Founders... [OK, 4 images]
  [121/229] Relentlessly Resourceful...Error fetching binary http://www.virtumundo.com/images/spacer.gif: 404 Client Error: Not Found for url: https://www.virtumundo.com/images/spacer.gif
Error fetching binary http://www.virtumundo.com/images/spacer.gif: 404 Client Error: Not Found for url: https://www.virtumundo.com/images/spacer.gif
 [OK, 4 images]
  [122/229] How to Be an Angel Investor...Error fetching binary http://ycombinator.com/images/y18.gif: 404 Client Error: Not Found for url: https://www.ycombinator.com/images/y18.gif
 [OK, 4 images]
  [123/229] Why TV Lost... [OK, 8 images]
  [124/229] Can You Buy a Silicon Valley?  Maybe.... [OK, 4 images]
  [125/229] What I've Learned from Hacker News...Error fetching binary http://ycombinator.com/images/y18.gif: 404 Client Error: Not Found for url: https://www.ycombinator.com/images/y18.gif
 [OK, 4 images]
  [126/229] Startups in 13 Sentences...Error fetching binary http://www.virtumundo.com/images/spacer.gif: 404 Client Error: Not Found for url: https://www.virtumundo.com/images/spacer.gif
Error fetching binary http://www.virtumundo.com/images/spacer.gif: 404 Client Error: Not Found for url: https://www.virtumundo.com/images/spacer.gif
Error fetching binary http://www.virtumundo.com/images/spacer.gif: 404 Client Error: Not Found for url: https://www.virtumundo.com/images/spacer.gif
Error fetching binary http://www.virtumundo.com/images/spacer.gif: 404 Client Error: Not Found for url: https://www.virtumundo.com/images/spacer.gif
 [OK, 22 images]
  [127/229] Keep Your Identity Small... [OK, 16 images]
  [128/229] After Credentials... [OK, 5 images]
  [129/229] Could VC be a Casualty of the Recession?... [OK, 8 images]
  [130/229] The High-Res Society... [OK, 4 images]
  [131/229] The Other Half of "Artists Ship"... [OK, 4 images]
  [132/229] Why to Start a Startup in a Bad Economy...Error fetching binary http://www.virtumundo.com/images/spacer.gif: 404 Client Error: Not Found for url: https://www.virtumundo.com/images/spacer.gif
Error fetching binary http://www.virtumundo.com/images/spacer.gif: 404 Client Error: Not Found for url: https://www.virtumundo.com/images/spacer.gif
 [OK, 15 images]
  [133/229] A Fundraising Survival Guide...Error fetching binary http://www.virtumundo.com/images/spacer.gif: 404 Client Error: Not Found for url: https://www.virtumundo.com/images/spacer.gif
Error fetching binary http://www.virtumundo.com/images/spacer.gif: 404 Client Error: Not Found for url: https://www.virtumundo.com/images/spacer.gif
 [OK, 8 images]
  [134/229] The Pooled-Risk Company Management Company... [OK, 8 images]
  [135/229] Cities and Ambition... [OK, 18 images]
  [136/229] Disconnecting Distraction... [OK, 25 images]
  [137/229] Lies We Tell Kids... [OK, 15 images]
  [138/229] Be Good... [OK, 13 images]
  [139/229] Why There Aren't More Googles...Error fetching binary http://www.virtumundo.com/images/spacer.gif: 404 Client Error: Not Found for url: https://www.virtumundo.com/images/spacer.gif
Error fetching binary http://www.virtumundo.com/images/spacer.gif: 404 Client Error: Not Found for url: https://www.virtumundo.com/images/spacer.gif
 [OK, 8 images]
  [140/229] Some Heroes... [OK, 8 images]
  [141/229] How to Disagree... [OK, 46 images]
  [142/229] You Weren't Meant to Have a Boss...Error fetching binary http://www.virtumundo.com/images/spacer.gif: 404 Client Error: Not Found for url: https://www.virtumundo.com/images/spacer.gif
Error fetching binary http://www.virtumundo.com/images/spacer.gif: 404 Client Error: Not Found for url: https://www.virtumundo.com/images/spacer.gif
 [OK, 13 images]
  [143/229] A New Venture Animal...Error fetching binary http://ycombinator.com/images/y18.gif: 404 Client Error: Not Found for url: https://www.ycombinator.com/images/y18.gif
 [OK, 5 images]
  [144/229] Trolls... [OK, 8 images]
  [145/229] Six Principles for Making New Things... [OK, 5 images]
  [146/229] Why to Move to a Startup Hub...Error fetching binary http://ycombinator.com/images/y18.gif: 404 Client Error: Not Found for url: https://www.ycombinator.com/images/y18.gif
 [OK, 10 images]
  [147/229] The Future of Web Startups...Error fetching binary http://www.virtumundo.com/images/spacer.gif: 404 Client Error: Not Found for url: https://www.virtumundo.com/images/spacer.gif
Error fetching binary http://www.virtumundo.com/images/spacer.gif: 404 Client Error: Not Found for url: https://www.virtumundo.com/images/spacer.gif
 [OK, 8 images]
  [148/229] How to Do Philosophy... [OK, 10 images]
  [149/229] News from the Front... [OK, 9 images]
  [150/229] How Not to Die...Error fetching binary http://www.virtumundo.com/images/spacer.gif: 404 Client Error: Not Found for url: https://www.virtumundo.com/images/spacer.gif
Error fetching binary http://www.virtumundo.com/images/spacer.gif: 404 Client Error: Not Found for url: https://www.virtumundo.com/images/spacer.gif
 [OK, 13 images]
  [151/229] Holding a Program in One's Head... [OK, 27 images]
  [152/229] Stuff... [OK, 45 images]
  [153/229] The Equity Equation... [OK, 4 images]
  [154/229] An Alternative Theory of Unions... [OK, 5 images]
  [155/229] The Hacker's Guide to Investors...Error fetching binary http://ycombinator.com/images/y18.gif: 404 Client Error: Not Found for url: https://www.ycombinator.com/images/y18.gif
 [OK, 4 images]
  [156/229] Two Kinds of Judgement... [OK, 18 images]
  [157/229] Microsoft is Dead... [OK, 19 images]
  [158/229] Why to Not Not Start a Startup...Error fetching binary http://www.virtumundo.com/images/spacer.gif: 404 Client Error: Not Found for url: https://www.virtumundo.com/images/spacer.gif
Error fetching binary http://www.virtumundo.com/images/spacer.gif: 404 Client Error: Not Found for url: https://www.virtumundo.com/images/spacer.gif
Error fetching binary http://ycombinator.com/images/y18.gif: 404 Client Error: Not Found for url: https://www.ycombinator.com/images/y18.gif
Error fetching binary http://ycombinator.com/images/y18.gif: 404 Client Error: Not Found for url: https://www.ycombinator.com/images/y18.gif
 [OK, 18 images]
  [159/229] Is It Worth Being Wise?... [OK, 22 images]
  [160/229] Learning from Founders... [OK, 9 images]
  [161/229] How Art Can Be Good... [OK, 14 images]
  [162/229] The 18 Mistakes That Kill Startups...Error fetching binary http://www.virtumundo.com/images/spacer.gif: 404 Client Error: Not Found for url: https://www.virtumundo.com/images/spacer.gif
Error fetching binary http://www.virtumundo.com/images/spacer.gif: 404 Client Error: Not Found for url: https://www.virtumundo.com/images/spacer.gif
 [OK, 27 images]
  [163/229] A Student's Guide to Startups...Error fetching binary http://www.virtumundo.com/images/spacer.gif: 404 Client Error: Not Found for url: https://www.virtumundo.com/images/spacer.gif
Error fetching binary http://www.virtumundo.com/images/spacer.gif: 404 Client Error: Not Found for url: https://www.virtumundo.com/images/spacer.gif
 [OK, 14 images]
  [164/229] How to Present to Investors...Error fetching binary http://www.virtumundo.com/images/spacer.gif: 404 Client Error: Not Found for url: https://www.virtumundo.com/images/spacer.gif
Error fetching binary http://www.virtumundo.com/images/spacer.gif: 404 Client Error: Not Found for url: https://www.virtumundo.com/images/spacer.gif
 [OK, 28 images]
  [165/229] Copy What You Like... [OK, 24 images]
  [166/229] The Island Test... [OK, 14 images]
  [167/229] The Power of the Marginal...Error fetching binary http://www.virtumundo.com/images/spacer.gif: 404 Client Error: Not Found for url: https://www.virtumundo.com/images/spacer.gif
Error fetching binary http://www.virtumundo.com/images/spacer.gif: 404 Client Error: Not Found for url: https://www.virtumundo.com/images/spacer.gif
 [OK, 13 images]
  [168/229] Why Startups Condense in America... [OK, 22 images]
  [169/229] How to Be Silicon Valley...Error fetching binary http://www.virtumundo.com/images/spacer.gif: 404 Client Error: Not Found for url: https://www.virtumundo.com/images/spacer.gif
Error fetching binary http://www.virtumundo.com/images/spacer.gif: 404 Client Error: Not Found for url: https://www.virtumundo.com/images/spacer.gif
 [OK, 54 images]
  [170/229] The Hardest Lessons for Startups to Learn... [OK, 22 images]
  [171/229] See Randomness... [OK, 8 images]
  [172/229] Are Software Patents Evil?... [OK, 9 images]
  [173/229] 6,631,372... [OK, 4 images]
  [174/229] Why YC... [OK, 4 images]
  [175/229] How to Do What You Love...Error fetching binary http://www.virtumundo.com/images/spacer.gif: 404 Client Error: Not Found for url: https://www.virtumundo.com/images/spacer.gif
Error fetching binary http://www.virtumundo.com/images/spacer.gif: 404 Client Error: Not Found for url: https://www.virtumundo.com/images/spacer.gif
 [OK, 67 images]
  [176/229] Good and Bad Procrastination... [OK, 40 images]
  [177/229] Web 2.0...Error fetching binary http://www.virtumundo.com/images/spacer.gif: 404 Client Error: Not Found for url: https://www.virtumundo.com/images/spacer.gif
Error fetching binary http://www.virtumundo.com/images/spacer.gif: 404 Client Error: Not Found for url: https://www.virtumundo.com/images/spacer.gif
Error fetching binary http://www.virtumundo.com/images/spacer.gif: 404 Client Error: Not Found for url: https://www.virtumundo.com/images/spacer.gif
Error fetching binary http://www.virtumundo.com/images/spacer.gif: 404 Client Error: Not Found for url: https://www.virtumundo.com/images/spacer.gif
 [OK, 27 images]
  [178/229] How to Fund a Startup...Error fetching binary http://www.virtumundo.com/images/spacer.gif: 404 Client Error: Not Found for url: https://www.virtumundo.com/images/spacer.gif
Error fetching binary http://www.virtumundo.com/images/spacer.gif: 404 Client Error: Not Found for url: https://www.virtumundo.com/images/spacer.gif
 [OK, 9 images]
  [179/229] The Venture Capital Squeeze...Error fetching binary http://www.virtumundo.com/images/spacer.gif: 404 Client Error: Not Found for url: https://www.virtumundo.com/images/spacer.gif
Error fetching binary http://www.virtumundo.com/images/spacer.gif: 404 Client Error: Not Found for url: https://www.virtumundo.com/images/spacer.gif
 [OK, 18 images]
  [180/229] Ideas for Startups...Error fetching binary http://www.virtumundo.com/images/spacer.gif: 404 Client Error: Not Found for url: https://www.virtumundo.com/images/spacer.gif
Error fetching binary http://www.virtumundo.com/images/spacer.gif: 404 Client Error: Not Found for url: https://www.virtumundo.com/images/spacer.gif
 [OK, 31 images]
  [181/229] What I Did this Summer... [OK, 14 images]
  [182/229] Inequality and Risk...Error fetching binary http://www.virtumundo.com/images/spacer.gif: 404 Client Error: Not Found for url: https://www.virtumundo.com/images/spacer.gif
Error fetching binary http://www.virtumundo.com/images/spacer.gif: 404 Client Error: Not Found for url: https://www.virtumundo.com/images/spacer.gif
 [OK, 27 images]
  [183/229] After the Ladder... [OK, 13 images]
  [184/229] What Business Can Learn from Open Source... [OK, 27 images]
  [185/229] Hiring is Obsolete...Error fetching binary http://www.virtumundo.com/images/spacer.gif: 404 Client Error: Not Found for url: https://www.virtumundo.com/images/spacer.gif
Error fetching binary http://www.virtumundo.com/images/spacer.gif: 404 Client Error: Not Found for url: https://www.virtumundo.com/images/spacer.gif
Error fetching binary http://www.virtumundo.com/images/spacer.gif: 404 Client Error: Not Found for url: https://www.virtumundo.com/images/spacer.gif
Error fetching binary http://www.virtumundo.com/images/spacer.gif: 404 Client Error: Not Found for url: https://www.virtumundo.com/images/spacer.gif
 [OK, 19 images]
  [186/229] The Submarine...Error fetching binary http://www.virtumundo.com/images/spacer.gif: 404 Client Error: Not Found for url: https://www.virtumundo.com/images/spacer.gif
Error fetching binary http://www.virtumundo.com/images/spacer.gif: 404 Client Error: Not Found for url: https://www.virtumundo.com/images/spacer.gif
 [OK, 56 images]
  [187/229] Why Smart People Have Bad Ideas...Error fetching binary http://www.virtumundo.com/images/spacer.gif: 404 Client Error: Not Found for url: https://www.virtumundo.com/images/spacer.gif
Error fetching binary http://www.virtumundo.com/images/spacer.gif: 404 Client Error: Not Found for url: https://www.virtumundo.com/images/spacer.gif
Error fetching binary http://www.virtumundo.com/images/spacer.gif: 404 Client Error: Not Found for url: https://www.virtumundo.com/images/spacer.gif
Error fetching binary http://www.virtumundo.com/images/spacer.gif: 404 Client Error: Not Found for url: https://www.virtumundo.com/images/spacer.gif
 [OK, 18 images]
  [188/229] Return of the Mac... [OK, 18 images]
  [189/229] Writing,  Briefly... [OK, 49 images]
  [190/229] Undergraduation...Error fetching binary http://www.virtumundo.com/images/spacer.gif: 404 Client Error: Not Found for url: https://www.virtumundo.com/images/spacer.gif
Error fetching binary http://www.virtumundo.com/images/spacer.gif: 404 Client Error: Not Found for url: https://www.virtumundo.com/images/spacer.gif
 [OK, 20 images]
  [191/229] A Unified Theory of VC Suckage... [OK, 13 images]
  [192/229] How to Start a Startup...Error fetching binary http://www.virtumundo.com/images/spacer.gif: 404 Client Error: Not Found for url: https://www.virtumundo.com/images/spacer.gif
Error fetching binary http://www.virtumundo.com/images/spacer.gif: 404 Client Error: Not Found for url: https://www.virtumundo.com/images/spacer.gif
 [OK, 40 images]
  [193/229] What You'll Wish You'd Known... [OK, 22 images]
  [194/229] Made in USA... [OK, 14 images]
  [195/229] It's Charisma, Stupid... [OK, 20 images]
  [196/229] Bradley's Ghost...Error fetching binary http://www.virtumundo.com/images/spacer.gif: 404 Client Error: Not Found for url: https://www.virtumundo.com/images/spacer.gif
Error fetching binary http://www.virtumundo.com/images/spacer.gif: 404 Client Error: Not Found for url: https://www.virtumundo.com/images/spacer.gif
 [OK, 14 images]
  [197/229] A Version 1.0... [OK, 4 images]
  [198/229] What the Bubble Got Right... [OK, 19 images]
  [199/229] The Age of the Essay...Error fetching binary http://www.virtumundo.com/images/spacer.gif: 404 Client Error: Not Found for url: https://www.virtumundo.com/images/spacer.gif
Error fetching binary http://www.virtumundo.com/images/spacer.gif: 404 Client Error: Not Found for url: https://www.virtumundo.com/images/spacer.gif
 [OK, 28 images]
  [200/229] The Python Paradox...Error fetching binary http://www.virtumundo.com/images/spacer.gif: 404 Client Error: Not Found for url: https://www.virtumundo.com/images/spacer.gif
Error fetching binary http://www.virtumundo.com/images/spacer.gif: 404 Client Error: Not Found for url: https://www.virtumundo.com/images/spacer.gif
 [OK, 39 images]
  [201/229] Great Hackers...Error fetching binary http://www.virtumundo.com/images/spacer.gif: 404 Client Error: Not Found for url: https://www.virtumundo.com/images/spacer.gif
Error fetching binary http://www.virtumundo.com/images/spacer.gif: 404 Client Error: Not Found for url: https://www.virtumundo.com/images/spacer.gif
Error fetching binary http://www.virtumundo.com/images/spacer.gif: 404 Client Error: Not Found for url: https://www.virtumundo.com/images/spacer.gif
Error fetching binary http://www.virtumundo.com/images/spacer.gif: 404 Client Error: Not Found for url: https://www.virtumundo.com/images/spacer.gif
 [OK, 31 images]
  [202/229] Mind the Gap... [OK, 9 images]
  [203/229] How to Make Wealth...Error fetching binary http://www.virtumundo.com/images/spacer.gif: 404 Client Error: Not Found for url: https://www.virtumundo.com/images/spacer.gif
Error fetching binary http://www.virtumundo.com/images/spacer.gif: 404 Client Error: Not Found for url: https://www.virtumundo.com/images/spacer.gif
Error fetching binary http://www.virtumundo.com/images/spacer.gif: 404 Client Error: Not Found for url: https://www.virtumundo.com/images/spacer.gif
Error fetching binary http://www.virtumundo.com/images/spacer.gif: 404 Client Error: Not Found for url: https://www.virtumundo.com/images/spacer.gif
 [OK, 20 images]
  [204/229] The Word "Hacker"...Error fetching binary http://www.virtumundo.com/images/spacer.gif: 404 Client Error: Not Found for url: https://www.virtumundo.com/images/spacer.gif
Error fetching binary http://www.virtumundo.com/images/spacer.gif: 404 Client Error: Not Found for url: https://www.virtumundo.com/images/spacer.gif
 [OK, 19 images]
  [205/229] What You Can't Say... [OK, 85 images]
  [206/229] Filters that Fight Back... [OK, 22 images]
  [207/229] Hackers and Painters...Error fetching binary http://www.virtumundo.com/images/spacer.gif: 404 Client Error: Not Found for url: https://www.virtumundo.com/images/spacer.gif
Error fetching binary http://www.virtumundo.com/images/spacer.gif: 404 Client Error: Not Found for url: https://www.virtumundo.com/images/spacer.gif
 [OK, 36 images]
  [208/229] If Lisp is So Great... [OK, 18 images]
  [209/229] The Hundred-Year Language...Error fetching binary http://www.virtumundo.com/images/spacer.gif: 404 Client Error: Not Found for url: https://www.virtumundo.com/images/spacer.gif
Error fetching binary http://www.virtumundo.com/images/spacer.gif: 404 Client Error: Not Found for url: https://www.virtumundo.com/images/spacer.gif
 [OK, 5 images]
  [210/229] Why Nerds are Unpopular... [OK, 37 images]
  [211/229] Better Bayesian Filtering... [OK, 34 images]
  [212/229] Design and Research... [OK, 24 images]
  [213/229] A Plan for Spam...Error fetching binary http://www.virtumundo.com/images/spacer.gif: 404 Client Error: Not Found for url: https://www.virtumundo.com/images/spacer.gif
Error fetching binary http://www.virtumundo.com/images/spacer.gif: 404 Client Error: Not Found for url: https://www.virtumundo.com/images/spacer.gif
Error fetching binary http://www.virtumundo.com/images/spacer.gif: 404 Client Error: Not Found for url: https://www.virtumundo.com/images/spacer.gif
Error fetching binary http://www.virtumundo.com/images/spacer.gif: 404 Client Error: Not Found for url: https://www.virtumundo.com/images/spacer.gif
 [OK, 64 images]
  [214/229] Revenge of the Nerds...Error fetching binary http://www.virtumundo.com/images/spacer.gif: 404 Client Error: Not Found for url: https://www.virtumundo.com/images/spacer.gif
Error fetching binary http://www.virtumundo.com/images/spacer.gif: 404 Client Error: Not Found for url: https://www.virtumundo.com/images/spacer.gif
Error fetching binary http://www.virtumundo.com/images/spacer.gif: 404 Client Error: Not Found for url: https://www.virtumundo.com/images/spacer.gif
Error fetching binary http://www.virtumundo.com/images/spacer.gif: 404 Client Error: Not Found for url: https://www.virtumundo.com/images/spacer.gif
 [OK, 4 images]
  [215/229] Succinctness is Power... [OK, 64 images]
  [216/229] What Languages Fix... [OK, 18 images]
  [217/229] Taste for Makers...Error fetching binary http://www.virtumundo.com/images/spacer.gif: 404 Client Error: Not Found for url: https://www.virtumundo.com/images/spacer.gif
Error fetching binary http://www.virtumundo.com/images/spacer.gif: 404 Client Error: Not Found for url: https://www.virtumundo.com/images/spacer.gif
 [OK, 32 images]
  [218/229] Why Arc Isn't Especially Object-Oriented... [OK, 12 images]
  [219/229] What Made Lisp Different... [OK, 9 images]
  [220/229] The Other Road Ahead...Error fetching binary http://www.virtumundo.com/images/spacer.gif: 404 Client Error: Not Found for url: https://www.virtumundo.com/images/spacer.gif
Error fetching binary http://www.virtumundo.com/images/spacer.gif: 404 Client Error: Not Found for url: https://www.virtumundo.com/images/spacer.gif
 [OK, 22 images]
  [221/229] The Roots of Lisp... [OK, 34 images]
  [222/229] Five Questions about Language Design... [OK, 19 images]
  [223/229] Being Popular... [OK, 27 images]
  [224/229] Java's Cover... [OK, 31 images]
  [225/229] Beating the Averages...Error fetching binary http://www.virtumundo.com/images/spacer.gif: 404 Client Error: Not Found for url: https://www.virtumundo.com/images/spacer.gif
Error fetching binary http://www.virtumundo.com/images/spacer.gif: 404 Client Error: Not Found for url: https://www.virtumundo.com/images/spacer.gif
Error fetching binary http://www.virtumundo.com/images/spacer.gif: 404 Client Error: Not Found for url: https://www.virtumundo.com/images/spacer.gif
Error fetching binary http://www.virtumundo.com/images/spacer.gif: 404 Client Error: Not Found for url: https://www.virtumundo.com/images/spacer.gif
 [OK, 40 images]
  [226/229] Lisp for Web-Based Applications... [OK, 9 images]
  [227/229] Programming Bottom-Up... [OK, 4 images]
  [228/229] This Year We Can End the Death Penalty in California... [OK, 4 images]
  [229/229] RSS.../usr/local/Cellar/python@3.13/3.13.2/Frameworks/Python.framework/Versions/3.13/lib/python3.13/zipfile/__init__.py:1643: UserWarning: Duplicate name: 'EPUB/images/6c9d841e4b1acd9878bfec968e99c5c3.gif'
  return self._open_to_write(zinfo, force_zip64=force_zip64)
/usr/local/Cellar/python@3.13/3.13.2/Frameworks/Python.framework/Versions/3.13/lib/python3.13/zipfile/__init__.py:1643: UserWarning: Duplicate name: 'EPUB/images/77f20bddf0796dab3beb04d1913b5620.gif'
  return self._open_to_write(zinfo, force_zip64=force_zip64)
/usr/local/Cellar/python@3.13/3.13.2/Frameworks/Python.framework/Versions/3.13/lib/python3.13/zipfile/__init__.py:1643: UserWarning: Duplicate name: 'EPUB/images/31a1fc8a7b060a0a3dab4ac2e7bc5c95.gif'
  return self._open_to_write(zinfo, force_zip64=force_zip64)
/usr/local/Cellar/python@3.13/3.13.2/Frameworks/Python.framework/Versions/3.13/lib/python3.13/zipfile/__init__.py:1643: UserWarning: Duplicate name: 'EPUB/images/baad41554db683a588e05020f729b9b2.gif'
  return self._open_to_write(zinfo, force_zip64=force_zip64)
/usr/local/Cellar/python@3.13/3.13.2/Frameworks/Python.framework/Versions/3.13/lib/python3.13/zipfile/__init__.py:1643: UserWarning: Duplicate name: 'EPUB/images/7377b815404c2bf3bb137e8f5fa9e52e.gif'
  return self._open_to_write(zinfo, force_zip64=force_zip64)
/usr/local/Cellar/python@3.13/3.13.2/Frameworks/Python.framework/Versions/3.13/lib/python3.13/zipfile/__init__.py:1643: UserWarning: Duplicate name: 'EPUB/images/566d8eeb00553b28dce90c0754dd0930.gif'
  return self._open_to_write(zinfo, force_zip64=force_zip64)
/usr/local/Cellar/python@3.13/3.13.2/Frameworks/Python.framework/Versions/3.13/lib/python3.13/zipfile/__init__.py:1643: UserWarning: Duplicate name: 'EPUB/images/f2312368638837f54b2760a7cd7ba17e.gif'
  return self._open_to_write(zinfo, force_zip64=force_zip64)
/usr/local/Cellar/python@3.13/3.13.2/Frameworks/Python.framework/Versions/3.13/lib/python3.13/zipfile/__init__.py:1643: UserWarning: Duplicate name: 'EPUB/images/45089fb46718e73fca9f938ed7f81610.gif'
  return self._open_to_write(zinfo, force_zip64=force_zip64)
/usr/local/Cellar/python@3.13/3.13.2/Frameworks/Python.framework/Versions/3.13/lib/python3.13/zipfile/__init__.py:1643: UserWarning: Duplicate name: 'EPUB/images/e91582e207e968806cb56c7f7cab204a.gif'
  return self._open_to_write(zinfo, force_zip64=force_zip64)
/usr/local/Cellar/python@3.13/3.13.2/Frameworks/Python.framework/Versions/3.13/lib/python3.13/zipfile/__init__.py:1643: UserWarning: Duplicate name: 'EPUB/images/0f994f8dada972cb7d444e80cdecbc7d.jpg'
  return self._open_to_write(zinfo, force_zip64=force_zip64)
/usr/local/Cellar/python@3.13/3.13.2/Frameworks/Python.framework/Versions/3.13/lib/python3.13/zipfile/__init__.py:1643: UserWarning: Duplicate name: 'EPUB/images/7da73740e97ff14708a6c5d3a6fdfe86.gif'
  return self._open_to_write(zinfo, force_zip64=force_zip64)
/usr/local/Cellar/python@3.13/3.13.2/Frameworks/Python.framework/Versions/3.13/lib/python3.13/zipfile/__init__.py:1643: UserWarning: Duplicate name: 'EPUB/images/5da78ed5604609d6f0c6d0c58bb617a6.gif'
  return self._open_to_write(zinfo, force_zip64=force_zip64)
/usr/local/Cellar/python@3.13/3.13.2/Frameworks/Python.framework/Versions/3.13/lib/python3.13/zipfile/__init__.py:1643: UserWarning: Duplicate name: 'EPUB/images/2aa51492a05320c4e8d7cad464b73492.gif'
  return self._open_to_write(zinfo, force_zip64=force_zip64)
/usr/local/Cellar/python@3.13/3.13.2/Frameworks/Python.framework/Versions/3.13/lib/python3.13/zipfile/__init__.py:1643: UserWarning: Duplicate name: 'EPUB/images/b85fd0fb4b0d5daf508ad4cc915dda6a.gif'
  return self._open_to_write(zinfo, force_zip64=force_zip64)
/usr/local/Cellar/python@3.13/3.13.2/Frameworks/Python.framework/Versions/3.13/lib/python3.13/zipfile/__init__.py:1643: UserWarning: Duplicate name: 'EPUB/images/624d54d428f5bf9f633590dfb617758f.gif'
  return self._open_to_write(zinfo, force_zip64=force_zip64)
 [OK, 4 images]

Content summary: 190 fetched, 39 from cache

[4/4] Building EPUB...
  - Unread essays: 229
  - Read essays: 0
  - Sort order: desc
✓ Cover image added: pgessays-cover.png

✓ EPUB created successfully: pg_essays_complete.epub
  - 229 unread essays
  - 0 read essays
  - Total: 229 essays

==================================================
Success! Your EPUB is ready:
  /Users/tomyanzhiyuan/GitHub/pgessaysepub/pg_essays_complete.epub

You can now copy this file to your Kobo via USB.
